14:56:05 [INFO] PASS: Page title 'See your limit in 2 minutes!' visible
14:56:05 [INFO] PASS: Full Name field visible
14:56:05 [INFO] PASS: NIK field visible
14:56:05 [INFO] PASS: Monthly Income field visible
14:56:19 [INFO] PASS: Submit button correctly disabled with no input
14:56:21 [INFO] PASS: T&C checkbox is unchecked on fresh form (state=False)
14:56:26 [INFO] PASS: Terms of Use page opened from T&C link
14:56:32 [INFO] PASS: Returned to onboarding form after back from T&C
14:56:36 [ERROR] FAIL: Digit found in 'John2 Doe!'
14:56:36 [ERROR] FAIL: Special char found in 'John2 Doe!'
14:57:02 [INFO] PASS: Full Name validation message shown: 'Please enter your full name as stated on your KTP'
14:57:07 [INFO] PASS: Non-numeric chars blocked — NIK contains: '32012345'
14:57:12 [INFO] PASS: Leading zero blocked in NIK field (got: '123456789012345')
14:57:36 [INFO] PASS: NIK validation message shown: 'NIK has to be 16 digits'
14:58:10 [INFO] PASS: NIK validation message shown for already registered NIK: 'The NIK you entered is already registered'
14:58:18 [INFO] PASS: Income field contains value: '5.000.000'
14:58:43 [INFO] PASS: Arrived at next screen after onboarding submit
14:58:43 [INFO] PASS: User acquisition record exists
14:58:44 [INFO] PASS: KYC details record exists
14:58:44 [INFO] PASS: KYC status record exists for BMI
14:58:44 [INFO] PASS: KTP address record exists
14:58:44 [INFO] PASS: Bureau consent record exists
14:58:44 [INFO] PASS: Current state is PRE_MANUAL_VERIFICATION (got: PRE_MANUAL_VERIFICATION)
14:58:44 [INFO] PASS: State audit exists for ONBOARDING -> PRE_MANUAL_VERIFICATION
14:58:44 [ERROR] FAIL: Missing MSI_SUCCESS credit status
